1522217539683	geckodriver	INFO	geckodriver 0.20.0
1522217539692	geckodriver	INFO	Listening on 127.0.0.1:61391
1522217540707	mozrunner::runner	INFO	Running command: "/Applications/Firefox.app/Contents/MacOS/firefox-bin" "-marionette" "-profile" "/var/folders/0y/46bmdp0d27dg6g5jg8vvj6lw3rhsfj/T/rust_mozprofile.oi6Z0JMGwXKQ"
1522217542050	Marionette	INFO	Enabled via --marionette
2018-03-28 11:42:23.048 plugin-container[33527:1187961] *** CFMessagePort: bootstrap_register(): failed 1100 (0x44c) 'Permission denied', port = 0xad3f, name = 'com.apple.tsm.portname'
See /usr/include/servers/bootstrap_defs.h for the error codes.
1522217543604	Marionette	INFO	Listening on port 61398
1522217543648	Marionette	WARN	TLS certificate errors will be ignored for this session
2018-03-28 11:42:24.034 plugin-container[33528:1188085] *** CFMessagePort: bootstrap_register(): failed 1100 (0x44c) 'Permission denied', port = 0x15443, name = 'com.apple.tsm.portname'
See /usr/include/servers/bootstrap_defs.h for the error codes.
*** UTM:SVC TimerManager:registerTimer called after profile-before-change notification. Ignoring timer registration for id: telemetry_modules_ping
1522217585630	geckodriver	INFO	geckodriver 0.20.0
1522217585638	geckodriver	INFO	Listening on 127.0.0.1:61596
1522217586654	mozrunner::runner	INFO	Running command: "/Applications/Firefox.app/Contents/MacOS/firefox-bin" "-marionette" "-profile" "/var/folders/0y/46bmdp0d27dg6g5jg8vvj6lw3rhsfj/T/rust_mozprofile.APyWmbjuyNKj"
1522217587146	Marionette	INFO	Enabled via --marionette
2018-03-28 11:43:07.953 plugin-container[33784:1189860] *** CFMessagePort: bootstrap_register(): failed 1100 (0x44c) 'Permission denied', port = 0x15003, name = 'com.apple.tsm.portname'
See /usr/include/servers/bootstrap_defs.h for the error codes.
1522217588254	Marionette	INFO	Listening on port 61607
1522217588324	Marionette	WARN	TLS certificate errors will be ignored for this session
2018-03-28 11:43:08.857 plugin-container[33785:1189952] *** CFMessagePort: bootstrap_register(): failed 1100 (0x44c) 'Permission denied', port = 0x1543f, name = 'com.apple.tsm.portname'
See /usr/include/servers/bootstrap_defs.h for the error codes.
*** UTM:SVC TimerManager:registerTimer called after profile-before-change notification. Ignoring timer registration for id: telemetry_modules_ping
1522294340192	geckodriver	INFO	geckodriver 0.20.0
1522294340200	geckodriver	INFO	Listening on 127.0.0.1:49759
1522294341211	mozrunner::runner	INFO	Running command: "/Applications/Firefox.app/Contents/MacOS/firefox-bin" "-marionette" "-profile" "/var/folders/0y/46bmdp0d27dg6g5jg8vvj6lw3rhsfj/T/rust_mozprofile.Cii0C5onUjLy"
1522294345076	Marionette	INFO	Enabled via --marionette
2018-03-29 09:02:25.932 plugin-container[38759:1430159] *** CFMessagePort: bootstrap_register(): failed 1100 (0x44c) 'Permission denied', port = 0x14e3f, name = 'com.apple.tsm.portname'
See /usr/include/servers/bootstrap_defs.h for the error codes.
1522294346230	Marionette	INFO	Listening on port 49770
2018-03-29 09:02:27.815 plugin-container[38761:1430289] *** CFMessagePort: bootstrap_register(): failed 1100 (0x44c) 'Permission denied', port = 0x15403, name = 'com.apple.tsm.portname'
See /usr/include/servers/bootstrap_defs.h for the error codes.
*** UTM:SVC TimerManager:registerTimer called after profile-before-change notification. Ignoring timer registration for id: telemetry_modules_ping
1522294356722	geckodriver	INFO	geckodriver 0.20.0
1522294356727	geckodriver	INFO	Listening on 127.0.0.1:49857
1522294357745	mozrunner::runner	INFO	Running command: "/Applications/Firefox.app/Contents/MacOS/firefox-bin" "-marionette" "-profile" "/var/folders/0y/46bmdp0d27dg6g5jg8vvj6lw3rhsfj/T/rust_mozprofile.ZpbbNLl0hs4S"
1522294358224	Marionette	INFO	Enabled via --marionette
2018-03-29 09:02:39.009 plugin-container[38852:1430716] *** CFMessagePort: bootstrap_register(): failed 1100 (0x44c) 'Permission denied', port = 0x1523f, name = 'com.apple.tsm.portname'
See /usr/include/servers/bootstrap_defs.h for the error codes.
1522294359332	Marionette	INFO	Listening on port 49868
1522294359402	Marionette	WARN	TLS certificate errors will be ignored for this session
2018-03-29 09:02:39.890 plugin-container[38865:1430826] *** CFMessagePort: bootstrap_register(): failed 1100 (0x44c) 'Permission denied', port = 0x1543f, name = 'com.apple.tsm.portname'
See /usr/include/servers/bootstrap_defs.h for the error codes.
2018-03-29 09:02:55.898 plugin-container[38931:1431266] *** CFMessagePort: bootstrap_register(): failed 1100 (0x44c) 'Permission denied', port = 0xac3f, name = 'com.apple.tsm.portname'
See /usr/include/servers/bootstrap_defs.h for the error codes.
*** UTM:SVC TimerManager:registerTimer called after profile-before-change notification. Ignoring timer registration for id: telemetry_modules_ping
1522294533487	geckodriver	INFO	geckodriver 0.20.0
1522294533494	geckodriver	INFO	Listening on 127.0.0.1:50768
1522294534507	mozrunner::runner	INFO	Running command: "/Applications/Firefox.app/Contents/MacOS/firefox-bin" "-marionette" "-profile" "/var/folders/0y/46bmdp0d27dg6g5jg8vvj6lw3rhsfj/T/rust_mozprofile.M0GrHaWqEs7W"
1522294534976	Marionette	INFO	Enabled via --marionette
2018-03-29 09:05:35.757 plugin-container[39452:1434880] *** CFMessagePort: bootstrap_register(): failed 1100 (0x44c) 'Permission denied', port = 0x1513f, name = 'com.apple.tsm.portname'
See /usr/include/servers/bootstrap_defs.h for the error codes.
1522294536074	Marionette	INFO	Listening on port 50779
1522294536170	Marionette	WARN	TLS certificate errors will be ignored for this session
2018-03-29 09:05:36.653 plugin-container[39453:1434969] *** CFMessagePort: bootstrap_register(): failed 1100 (0x44c) 'Permission denied', port = 0xab3f, name = 'com.apple.tsm.portname'
See /usr/include/servers/bootstrap_defs.h for the error codes.
1522294551498	geckodriver	INFO	geckodriver 0.20.0
1522294551504	geckodriver	INFO	Listening on 127.0.0.1:50970
1522294552521	mozrunner::runner	INFO	Running command: "/Applications/Firefox.app/Contents/MacOS/firefox-bin" "-marionette" "-profile" "/var/folders/0y/46bmdp0d27dg6g5jg8vvj6lw3rhsfj/T/rust_mozprofile.pMDT4xvSF3y8"
1522294552982	Marionette	INFO	Enabled via --marionette
2018-03-29 09:05:53.769 plugin-container[39473:1435263] *** CFMessagePort: bootstrap_register(): failed 1100 (0x44c) 'Permission denied', port = 0xaf3f, name = 'com.apple.tsm.portname'
See /usr/include/servers/bootstrap_defs.h for the error codes.
1522294554120	Marionette	INFO	Listening on port 50981
1522294554174	Marionette	WARN	TLS certificate errors will be ignored for this session
2018-03-29 09:05:54.662 plugin-container[39474:1435351] *** CFMessagePort: bootstrap_register(): failed 1100 (0x44c) 'Permission denied', port = 0xaa0b, name = 'com.apple.tsm.portname'
See /usr/include/servers/bootstrap_defs.h for the error codes.
*** UTM:SVC TimerManager:registerTimer called after profile-before-change notification. Ignoring timer registration for id: telemetry_modules_ping
*** UTM:SVC TimerManager:registerTimer called after profile-before-change notification. Ignoring timer registration for id: telemetry_modules_ping
1522294612960	geckodriver	INFO	geckodriver 0.20.0
1522294612966	geckodriver	INFO	Listening on 127.0.0.1:51343
1522294613984	mozrunner::runner	INFO	Running command: "/Applications/Firefox.app/Contents/MacOS/firefox-bin" "-marionette" "-profile" "/var/folders/0y/46bmdp0d27dg6g5jg8vvj6lw3rhsfj/T/rust_mozprofile.thzWEmHnMEr6"
1522294614468	Marionette	INFO	Enabled via --marionette
2018-03-29 09:06:55.268 plugin-container[39612:1436503] *** CFMessagePort: bootstrap_register(): failed 1100 (0x44c) 'Permission denied', port = 0x14e3b, name = 'com.apple.tsm.portname'
See /usr/include/servers/bootstrap_defs.h for the error codes.
1522294615698	Marionette	INFO	Listening on port 51354
1522294615764	Marionette	WARN	TLS certificate errors will be ignored for this session
2018-03-29 09:06:56.176 plugin-container[39614:1436623] *** CFMessagePort: bootstrap_register(): failed 1100 (0x44c) 'Permission denied', port = 0xab3f, name = 'com.apple.tsm.portname'
See /usr/include/servers/bootstrap_defs.h for the error codes.
*** UTM:SVC TimerManager:registerTimer called after profile-before-change notification. Ignoring timer registration for id: telemetry_modules_ping
